已經開始建置於 2014/3/10 下午 11:10:22。
     1>節點 2 (Build 目標) 上的專案 "D:\visual studio 2013\Projects\UnitTestHW1\UnitTestHW1\UnitTestHW1.vcxproj"。
     1>Link:
         C:\Program Files (x86)\Microsoft Visual Studio 12.0\VC\bin\link.exe /ERRORREPORT:PROMPT /OUT:"D:\visual studio 2013\Projects\UnitTestHW1\Debug\UnitTestHW1.exe" /INCREMENTAL /NOLOGO kernel32.lib user32.lib gdi32.lib winspool.lib comdlg32.lib advapi32.lib shell32.lib ole32.lib oleaut32.lib uuid.lib odbc32.lib odbccp32.lib /MANIFEST /MANIFESTUAC:"level='asInvoker' uiAccess='false'" /manifest:embed /DEBUG /PDB:"D:\visual studio 2013\Projects\UnitTestHW1\Debug\UnitTestHW1.pdb" /SUBSYSTEM:CONSOLE /TLBID:1 /DYNAMICBASE /NXCOMPAT /IMPLIB:"D:\visual studio 2013\Projects\UnitTestHW1\Debug\UnitTestHW1.lib" /MACHINE:X86 Debug\Calculator.obj
         Debug\stdafx.obj
         Debug\UnitTestHW1.obj
     1>UnitTestHW1.obj : error LNK2019: 無法解析的外部符號 "bool __cdecl testing::internal::IsTrue(bool)" (?IsTrue@internal@testing@@YA_N_N@Z) 在函式 "public: void __thiscall testing::internal::scoped_ptr<class std::basic_string<char,struct std::char_traits<char>,class std::allocator<char> > >::reset(class std::basic_string<char,struct std::char_traits<char>,class std::allocator<char> > *)" (?reset@?$scoped_ptr@V?$basic_string@DU?$char_traits@D@std@@V?$allocator@D@2@@std@@@internal@testing@@QAEXPAV?$basic_string@DU?$char_traits@D@std@@V?$allocator@D@2@@std@@@Z) 中被參考
     1>UnitTestHW1.obj : error LNK2019: 無法解析的外部符號 "public: __thiscall testing::Message::Message(void)" (??0Message@testing@@QAE@XZ) 在函式 "private: virtual void __thiscall CalculatorTest_Add_Test::TestBody(void)" (?TestBody@CalculatorTest_Add_Test@@EAEXXZ) 中被參考
     1>UnitTestHW1.obj : error LNK2019: 無法解析的外部符號 "class testing::AssertionResult __cdecl testing::internal::EqFailure(char const *,char const *,class std::basic_string<char,struct std::char_traits<char>,class std::allocator<char> > const &,class std::basic_string<char,struct std::char_traits<char>,class std::allocator<char> > const &,bool)" (?EqFailure@internal@testing@@YA?AVAssertionResult@2@PBD0ABV?$basic_string@DU?$char_traits@D@std@@V?$allocator@D@2@@std@@1_N@Z) 在函式 "class testing::AssertionResult __cdecl testing::internal::CmpHelperEQ<int,int>(char const *,char const *,int const &,int const &)" (??$CmpHelperEQ@HH@internal@testing@@YA?AVAssertionResult@1@PBD0ABH1@Z) 中被參考
     1>UnitTestHW1.obj : error LNK2019: 無法解析的外部符號 "void const * __cdecl testing::internal::GetTestTypeId(void)" (?GetTestTypeId@internal@testing@@YAPBXXZ) 在函式 "void __cdecl `dynamic initializer for 'private: static class testing::TestInfo * CalculatorTest_Add_Test::test_info_''(void)" (??__E?test_info_@CalculatorTest_Add_Test@@0QAVTestInfo@testing@@A@@YAXXZ) 中被參考
     1>UnitTestHW1.obj : error LNK2019: 無法解析的外部符號 "class testing::TestInfo * __cdecl testing::internal::MakeAndRegisterTestInfo(char const *,char const *,char const *,char const *,void const *,void (__cdecl*)(void),void (__cdecl*)(void),class testing::internal::TestFactoryBase *)" (?MakeAndRegisterTestInfo@internal@testing@@YAPAVTestInfo@2@PBD000PBXP6AXXZ2PAVTestFactoryBase@12@@Z) 在函式 "void __cdecl `dynamic initializer for 'private: static class testing::TestInfo * CalculatorTest_Add_Test::test_info_''(void)" (??__E?test_info_@CalculatorTest_Add_Test@@0QAVTestInfo@testing@@A@@YAXXZ) 中被參考
     1>UnitTestHW1.obj : error LNK2019: 無法解析的外部符號 "class testing::AssertionResult __cdecl testing::AssertionSuccess(void)" (?AssertionSuccess@testing@@YA?AVAssertionResult@1@XZ) 在函式 "class testing::AssertionResult __cdecl testing::internal::CmpHelperEQ<int,int>(char const *,char const *,int const &,int const &)" (??$CmpHelperEQ@HH@internal@testing@@YA?AVAssertionResult@1@PBD0ABH1@Z) 中被參考
     1>UnitTestHW1.obj : error LNK2019: 無法解析的外部符號 "public: virtual __thiscall testing::Test::~Test(void)" (??1Test@testing@@UAE@XZ) 在函式 "public: virtual __thiscall CalculatorTest_Add_Test::~CalculatorTest_Add_Test(void)" (??1CalculatorTest_Add_Test@@UAE@XZ) 中被參考
     1>UnitTestHW1.obj : error LNK2019: 無法解析的外部符號 "protected: __thiscall testing::Test::Test(void)" (??0Test@testing@@IAE@XZ) 在函式 "public: __thiscall CalculatorTest_Add_Test::CalculatorTest_Add_Test(void)" (??0CalculatorTest_Add_Test@@QAE@XZ) 中被參考
     1>UnitTestHW1.obj : error LNK2001: 無法解析的外部符號 "protected: virtual void __thiscall testing::Test::SetUp(void)" (?SetUp@Test@testing@@MAEXXZ)
     1>UnitTestHW1.obj : error LNK2001: 無法解析的外部符號 "protected: virtual void __thiscall testing::Test::TearDown(void)" (?TearDown@Test@testing@@MAEXXZ)
     1>UnitTestHW1.obj : error LNK2019: 無法解析的外部符號 "public: static class testing::UnitTest * __cdecl testing::UnitTest::GetInstance(void)" (?GetInstance@UnitTest@testing@@SAPAV12@XZ) 在函式 "int __cdecl RUN_ALL_TESTS(void)" (?RUN_ALL_TESTS@@YAHXZ) 中被參考
     1>UnitTestHW1.obj : error LNK2019: 無法解析的外部符號 "public: int __thiscall testing::UnitTest::Run(void)" (?Run@UnitTest@testing@@QAEHXZ) 在函式 "int __cdecl RUN_ALL_TESTS(void)" (?RUN_ALL_TESTS@@YAHXZ) 中被參考
     1>UnitTestHW1.obj : error LNK2019: 無法解析的外部符號 "public: __thiscall testing::internal::AssertHelper::AssertHelper(enum testing::TestPartResult::Type,char const *,int,char const *)" (??0AssertHelper@internal@testing@@QAE@W4Type@TestPartResult@2@PBDH1@Z) 在函式 "private: virtual void __thiscall CalculatorTest_Add_Test::TestBody(void)" (?TestBody@CalculatorTest_Add_Test@@EAEXXZ) 中被參考
     1>UnitTestHW1.obj : error LNK2019: 無法解析的外部符號 "public: __thiscall testing::internal::AssertHelper::~AssertHelper(void)" (??1AssertHelper@internal@testing@@QAE@XZ) 在函式 "private: virtual void __thiscall CalculatorTest_Add_Test::TestBody(void)" (?TestBody@CalculatorTest_Add_Test@@EAEXXZ) 中被參考
     1>UnitTestHW1.obj : error LNK2019: 無法解析的外部符號 "public: void __thiscall testing::internal::AssertHelper::operator=(class testing::Message const &)const " (??4AssertHelper@internal@testing@@QBEXABVMessage@2@@Z) 在函式 "private: virtual void __thiscall CalculatorTest_Add_Test::TestBody(void)" (?TestBody@CalculatorTest_Add_Test@@EAEXXZ) 中被參考
     1>D:\visual studio 2013\Projects\UnitTestHW1\Debug\UnitTestHW1.exe : fatal error LNK1120: 15 個無法解析的外部符號
     1>專案 "D:\visual studio 2013\Projects\UnitTestHW1\UnitTestHW1\UnitTestHW1.vcxproj" (Build 目標) 建置完成 -- 失敗。

建置失敗。

經過時間 00:00:00.24
